<?xml version="1.0" encoding="UTF-8"?>
<testsuite xmlns:xsi="http://www.w3.org/2001/XMLSchema-instance" xsi:noNamespaceSchemaLocation="https://maven.apache.org/surefire/maven-surefire-plugin/xsd/surefire-test-report.xsd" version="3.0.2" name="com.example.demo.DemoApplicationTests" time="16.173" tests="1" errors="0" skipped="0" failures="0">
  <properties>
[...]
</properties>
  <testcase name="contextLoads" classname="com.example.demo.DemoApplicationTests" time="0.754">
    <system-out><![CDATA[17:14:22.694 [main] INFO org.springframework.test.context.support.AnnotationConfigContextLoaderUtils -- Could not detect default configuration classes for test class [com.example.demo.DemoApplicationTests]: DemoApplicationTests does not declare any static, non-private, non-final, nested classes annotated with @Configuration.
17:14:22.830 [main] INFO org.springframework.boot.test.context.SpringBootTestContextBootstrapper -- Found @SpringBootConfiguration com.example.demo.DemoApplication for test class com.example.demo.DemoApplicationTests

  .   ____          _            __ _ _
 /\\ / ___'_ __ _ _(_)_ __  __ _ \ \ \ \
( ( )\___ | '_ | '_| | '_ \/ _` | \ \ \ \
 \\/  ___)| |_)| | | | | || (_| |  ) ) ) )
  '  |____| .__|_| |_|_| |_\__, | / / / /
 =========|_|==============|___/=/_/_/_/

 :: Spring Boot ::                (v3.4.3)

2025-05-30T17:14:23.335+05:30  INFO 25500 --- [           main] com.example.demo.DemoApplicationTests    : Starting DemoApplicationTests using Java 21.0.2 with PID 25500 (started by vedan in E:\SELF\GoneGift2\BackEnd)
2025-05-30T17:14:23.337+05:30  INFO 25500 --- [           main] com.example.demo.DemoApplicationTests    : No active profile set, falling back to 1 default profile: "default"
2025-05-30T17:14:24.172+05:30  INFO 25500 --- [           main] .s.d.r.c.RepositoryConfigurationDelegate : Bootstrapping Spring Data JPA repositories in DEFAULT mode.
2025-05-30T17:14:24.276+05:30  INFO 25500 --- [           main] .s.d.r.c.RepositoryConfigurationDelegate : Finished Spring Data repository scanning in 87 ms. Found 6 JPA repository interfaces.
2025-05-30T17:14:25.207+05:30  INFO 25500 --- [           main] o.hibernate.jpa.internal.util.LogHelper  : HHH000204: Processing PersistenceUnitInfo [name: default]
2025-05-30T17:14:25.288+05:30  INFO 25500 --- [           main] org.hibernate.Version                    : HHH000412: Hibernate ORM core version 6.6.8.Final
2025-05-30T17:14:25.321+05:30  INFO 25500 --- [           main] o.h.c.internal.RegionFactoryInitiator    : HHH000026: Second-level cache disabled
2025-05-30T17:14:25.779+05:30  INFO 25500 --- [           main] o.s.o.j.p.SpringPersistenceUnitInfo      : No LoadTimeWeaver setup: ignoring JPA class transformer
2025-05-30T17:14:25.860+05:30  INFO 25500 --- [           main] com.zaxxer.hikari.HikariDataSource       : HikariCP - Starting...
2025-05-30T17:14:29.417+05:30  INFO 25500 --- [           main] com.zaxxer.hikari.pool.HikariPool        : HikariCP - Added connection org.postgresql.jdbc.PgConnection@f1d1463
2025-05-30T17:14:29.419+05:30  INFO 25500 --- [           main] com.zaxxer.hikari.HikariDataSource       : HikariCP - Start completed.
2025-05-30T17:14:29.783+05:30  WARN 25500 --- [           main] org.hibernate.orm.deprecation            : HHH90000025: PostgreSQLDialect does not need to be specified explicitly using 'hibernate.dialect' (remove the property setting and it will be selected by default)
2025-05-30T17:14:30.331+05:30  INFO 25500 --- [           main] org.hibernate.orm.connections.pooling    : HHH10001005: Database info:
	Database JDBC URL [Connecting through datasource 'HikariDataSource (HikariCP)']
	Database driver: undefined/unknown
	Database version: 15.8
	Autocommit mode: undefined/unknown
	Isolation level: undefined/unknown
	Minimum pool size: undefined/unknown
	Maximum pool size: undefined/unknown
2025-05-30T17:14:30.344+05:30 DEBUG 25500 --- [           main] o.h.t.d.sql.spi.DdlTypeRegistry          : addDescriptor(2003, org.hibernate.type.descriptor.sql.internal.ArrayDdlTypeImpl@7bda01da) replaced previous registration(org.hibernate.type.descriptor.sql.internal.ArrayDdlTypeImpl@65ef9a0a)
2025-05-30T17:14:30.345+05:30 DEBUG 25500 --- [           main] o.h.t.d.sql.spi.DdlTypeRegistry          : addDescriptor(6, org.hibernate.type.descriptor.sql.internal.CapacityDependentDdlType@25216999) replaced previous registration(org.hibernate.type.descriptor.sql.internal.DdlTypeImpl@77e6761f)
2025-05-30T17:14:31.556+05:30  INFO 25500 --- [           main] o.h.e.t.j.p.i.JtaPlatformInitiator       : HHH000489: No JTA platform available (set 'hibernate.transaction.jta.platform' to enable JTA platform integration)
2025-05-30T17:14:35.214+05:30  INFO 25500 --- [           main] j.LocalContainerEntityManagerFactoryBean : Initialized JPA EntityManagerFactory for persistence unit 'default'
2025-05-30T17:14:35.930+05:30  INFO 25500 --- [           main] o.s.d.j.r.query.QueryEnhancerFactory     : Hibernate is in classpath; If applicable, HQL parser will be used.
2025-05-30T17:14:37.046+05:30  WARN 25500 --- [           main] JpaBaseConfiguration$JpaWebConfiguration : spring.jpa.open-in-view is enabled by default. Therefore, database queries may be performed during view rendering. Explicitly configure spring.jpa.open-in-view to disable this warning
2025-05-30T17:14:37.857+05:30  INFO 25500 --- [           main] com.example.demo.DemoApplicationTests    : Started DemoApplicationTests in 14.867 seconds (process running for 16.001)
2025-05-30T17:14:38.293+05:30 DEBUG 25500 --- [   scheduling-1] org.hibernate.SQL                        : select du1_0.user_idx,du1_0.attempt_count,du1_0.buddy_status,du1_0.email,du1_0.first_name,du1_0.hashuuid,du1_0.inactivity_threshold_days,du1_0.isdeceased,du1_0.last_activity_date,du1_0.last_interaction,du1_0.lastname,du1_0.next_buddy_date,du1_0.secret_key,du1_0.user_role from death_user du1_0
Hibernate: select du1_0.user_idx,du1_0.attempt_count,du1_0.buddy_status,du1_0.email,du1_0.first_name,du1_0.hashuuid,du1_0.inactivity_threshold_days,du1_0.isdeceased,du1_0.last_activity_date,du1_0.last_interaction,du1_0.lastname,du1_0.next_buddy_date,du1_0.secret_key,du1_0.user_role from death_user du1_0
]]></system-out>
    <system-err><![CDATA[Mockito is currently self-attaching to enable the inline-mock-maker. This will no longer work in future releases of the JDK. Please add Mockito as an agent to your build what is described in Mockito's documentation: https://javadoc.io/doc/org.mockito/mockito-core/latest/org/mockito/Mockito.html#0.3
WARNING: A Java agent has been loaded dynamically (C:\Users\vedan\.m2\repository\net\bytebuddy\byte-buddy-agent\1.15.11\byte-buddy-agent-1.15.11.jar)
WARNING: If a serviceability tool is in use, please run with -XX:+EnableDynamicAgentLoading to hide this warning
WARNING: If a serviceability tool is not in use, please run with -Djdk.instrument.traceUsage for more information
WARNING: Dynamic loading of agents will be disallowed by default in a future release
]]></system-err>
  </testcase>
</testsuite>